<!DOCTYPE html PUBLIC "-//W3C//DTD XHTML 1.1//EN" "http://www.w3.org/TR/xhtml11/DTD/xhtml11.dtd">
<html xmlns="http://www.w3.org/1999/xhtml">
<head>
<meta http-equiv="content-type" content="text/html; charset=UTF-8"/>
<title>TestNG Report</title>
<style type="text/css">table {margin-bottom:10px;border-collapse:collapse;empty-cells:show}th,td {border:1px solid #009;padding:.25em .5em}th {vertical-align:bottom}td {vertical-align:top}table a {font-weight:bold}.stripe td {background-color: #E6EBF9}.num {text-align:right}.passedodd td {background-color: #3F3}.passedeven td {background-color: #0A0}.skippedodd td {background-color: #DDD}.skippedeven td {background-color: #CCC}.failedodd td,.attn {background-color: #F33}.failedeven td,.stripe .attn {background-color: #D00}.stacktrace {white-space:pre;font-family:monospace}.totop {font-size:85%;text-align:center;border-bottom:2px solid #000}.invisible {display:none}</style>
</head>
<body>
<table>
<tr><th>Test</th><th># Passed</th><th># Skipped</th><th># Retried</th><th># Failed</th><th>Time (ms)</th><th>Included Groups</th><th>Excluded Groups</th></tr>
<tr><th colspan="7">Suite</th></tr>
<tr><td><a href="#t0">HomePageTest</a></td><td class="num">3</td><td class="num">0</td><td class="num">0</td><td class="num">0</td><td class="num">14,556</td><td></td><td></td></tr>
<tr class="stripe"><td><a href="#t1">RegisterUserTest</a></td><td class="num">1</td><td class="num">0</td><td class="num">0</td><td class="num attn">1</td><td class="num">59,929</td><td></td><td></td></tr>
<tr><td><a href="#t2">LoginPageTest</a></td><td class="num">0</td><td class="num">0</td><td class="num">0</td><td class="num attn">1</td><td class="num">46,082</td><td></td><td></td></tr>
<tr class="stripe"><td><a href="#t3">FlightFinderTest</a></td><td class="num">1</td><td class="num">0</td><td class="num">0</td><td class="num">0</td><td class="num">32,227</td><td></td><td></td></tr>
<tr><th>Total</th><th class="num">5</th><th class="num">0</th><th class="num">0</th><th class="num attn">2</th><th class="num">152,794</th><th colspan="2"></th></tr>
</table>
<table id='summary'><thead><tr><th>Class</th><th>Method</th><th>Start</th><th>Time (ms)</th></tr></thead><tbody><tr><th colspan="4">Suite</th></tr></tbody><tbody id="t0"><tr><th colspan="4">HomePageTest &#8212; passed</th></tr><tr class="passedeven"><td rowspan="3">com.demoaut.NewTours2.HomePageValidation</td><td><a href="#m0">menuTabValidation</a></td><td rowspan="1">1577654181439</td><td rowspan="1">93</td></tr><tr class="passedeven"><td><a href="#m1">validateFooter</a></td><td rowspan="1">1577654181532</td><td rowspan="1">78</td></tr><tr class="passedeven"><td><a href="#m2">validatePageTitle</a></td><td rowspan="1">1577654181610</td><td rowspan="1">16</td></tr></tbody>
<tbody id="t1"><tr><th colspan="4">RegisterUserTest &#8212; failed</th></tr><tr class="failedeven"><td rowspan="1">com.demoaut.NewTours2.RegisterPageTest</td><td><a href="#m3">registerExcelDriven</a></td><td rowspan="1">1577654219916</td><td rowspan="1">16657</td></tr><tr><th colspan="4">RegisterUserTest &#8212; passed</th></tr><tr class="passedeven"><td rowspan="1">com.demoaut.NewTours2.RegisterPageTest</td><td><a href="#m4">registerDataProviderDriven</a></td><td rowspan="1">1577654208067</td><td rowspan="1">6719</td></tr></tbody>
<tbody id="t2"><tr><th colspan="4">LoginPageTest &#8212; failed</th></tr><tr class="failedeven"><td rowspan="1">com.demoaut.NewTours2.LoginPageTest</td><td><a href="#m5">loginExcelDriven</a></td><td rowspan="1">1577654267371</td><td rowspan="1">15403</td></tr></tbody>
<tbody id="t3"><tr><th colspan="4">FlightFinderTest &#8212; passed</th></tr><tr class="passedeven"><td rowspan="1">com.demoaut.NewTours2.FlightFinderTest</td><td><a href="#m6">findFlight</a></td><td rowspan="1">1577654308864</td><td rowspan="1">11324</td></tr></tbody>
</table>
<h2>HomePageTest</h2><h3 id="m0">com.demoaut.NewTours2.HomePageValidation#menuTabValidation</h3><table class="result"><tr><th class="invisible"/></tr></table><p class="totop"><a href="#summary">back to summary</a></p>
<h3 id="m1">com.demoaut.NewTours2.HomePageValidation#validateFooter</h3><table class="result"><tr><th class="invisible"/></tr></table><p class="totop"><a href="#summary">back to summary</a></p>
<h3 id="m2">com.demoaut.NewTours2.HomePageValidation#validatePageTitle</h3><table class="result"><tr><th class="invisible"/></tr></table><p class="totop"><a href="#summary">back to summary</a></p>
<h2>RegisterUserTest</h2><h3 id="m3">com.demoaut.NewTours2.RegisterPageTest#registerExcelDriven</h3><table class="result"><tr><th>Exception</th></tr><tr><td><div class="stacktrace">org.openqa.selenium.NoSuchElementException: no such element: Unable to locate element: {&quot;method&quot;:&quot;xpath&quot;,&quot;selector&quot;:&quot;//font[contains(text(),&apos;Thank you for registering.&apos;)]&quot;}
  (Session info: chrome=79.0.3945.88)
For documentation on this error, please visit: https://www.seleniumhq.org/exceptions/no_such_element.html
Build info: version: &apos;3.141.59&apos;, revision: &apos;e82be7d358&apos;, time: &apos;2018-11-14T08:17:03&apos;
System info: host: &apos;DELL-INSPIRON-5&apos;, ip: &apos;192.168.1.8&apos;, os.name: &apos;Windows 10&apos;, os.arch: &apos;amd64&apos;, os.version: &apos;10.0&apos;, java.version: &apos;1.8.0_231&apos;
Driver info: org.openqa.selenium.chrome.ChromeDriver
Capabilities {acceptInsecureCerts: false, browserName: chrome, browserVersion: 79.0.3945.88, chrome: {chromedriverVersion: 79.0.3945.36 (3582db32b3389..., userDataDir: C:\Users\Jankristi\AppData\...}, goog:chromeOptions: {debuggerAddress: localhost:60379}, javascriptEnabled: true, networkConnectionEnabled: false, pageLoadStrategy: normal, platform: WINDOWS, platformName: WINDOWS, proxy: Proxy(), setWindowRect: true, strictFileInteractability: false, timeouts: {implicit: 0, pageLoad: 300000, script: 30000}, unhandledPromptBehavior: dismiss and notify}
Session ID: 839c14660033b0081cdfdb1374fd5133
*** Element info: {Using=xpath, value=//font[contains(text(),&apos;Thank you for registering.&apos;)]}
	at org.openqa.selenium.remote.http.W3CHttpResponseCodec.createException(W3CHttpResponseCodec.java:187)
	at org.openqa.selenium.remote.http.W3CHttpResponseCodec.decode(W3CHttpResponseCodec.java:122)
	at org.openqa.selenium.remote.http.W3CHttpResponseCodec.decode(W3CHttpResponseCodec.java:49)
	at org.openqa.selenium.remote.HttpCommandExecutor.execute(HttpCommandExecutor.java:158)
	at org.openqa.selenium.remote.service.DriverCommandExecutor.execute(DriverCommandExecutor.java:83)
	at org.openqa.selenium.remote.RemoteWebDriver.execute(RemoteWebDriver.java:552)
	at org.openqa.selenium.remote.RemoteWebDriver.findElement(RemoteWebDriver.java:323)
	at org.openqa.selenium.remote.RemoteWebDriver.findElementByXPath(RemoteWebDriver.java:428)
	at org.openqa.selenium.By$ByXPath.findElement(By.java:353)
	at org.openqa.selenium.remote.RemoteWebDriver.findElement(RemoteWebDriver.java:315)
	at com.demoaut.NewTours2.RegisterPage.getRegConfirmation(RegisterPage.java:103)
	at com.demoaut.NewTours2.RegisterPageTest.registerExcelDriven(RegisterPageTest.java:103)
	at java.util.ArrayList.forEach(Unknown Source)
... Removed 31 stack frames</div></td></tr></table><p class="totop"><a href="#summary">back to summary</a></p>
<h3 id="m4">com.demoaut.NewTours2.RegisterPageTest#registerDataProviderDriven</h3><table class="result"><tr class="param"><th>Parameter #1</th><th>Parameter #2</th><th>Parameter #3</th><th>Parameter #4</th><th>Parameter #5</th><th>Parameter #6</th><th>Parameter #7</th><th>Parameter #8</th><th>Parameter #9</th><th>Parameter #10</th><th>Parameter #11</th><th>Parameter #12</th></tr><tr class="param stripe"><td>Joca</td><td>Jocic</td><td>0800200200</td><td>valid@email.com</td><td>My Home address</td><td>My City</td><td>My State</td><td>91080</td><td>ser</td><td>perica24</td><td>admin</td><td>admin</td></tr></table><p class="totop"><a href="#summary">back to summary</a></p>
<h2>LoginPageTest</h2><h3 id="m5">com.demoaut.NewTours2.LoginPageTest#loginExcelDriven</h3><table class="result"><tr><th>Exception</th></tr><tr><td><div class="stacktrace">org.openqa.selenium.NoSuchElementException: no such element: Unable to locate element: {&quot;method&quot;:&quot;xpath&quot;,&quot;selector&quot;:&quot;//font[contains(text(),&apos;Use our Flight Finder&apos;)]&quot;}
  (Session info: chrome=79.0.3945.88)
For documentation on this error, please visit: https://www.seleniumhq.org/exceptions/no_such_element.html
Build info: version: &apos;3.141.59&apos;, revision: &apos;e82be7d358&apos;, time: &apos;2018-11-14T08:17:03&apos;
System info: host: &apos;DELL-INSPIRON-5&apos;, ip: &apos;192.168.1.8&apos;, os.name: &apos;Windows 10&apos;, os.arch: &apos;amd64&apos;, os.version: &apos;10.0&apos;, java.version: &apos;1.8.0_231&apos;
Driver info: org.openqa.selenium.chrome.ChromeDriver
Capabilities {acceptInsecureCerts: false, browserName: chrome, browserVersion: 79.0.3945.88, chrome: {chromedriverVersion: 79.0.3945.36 (3582db32b3389..., userDataDir: C:\Users\Jankristi\AppData\...}, goog:chromeOptions: {debuggerAddress: localhost:61015}, javascriptEnabled: true, networkConnectionEnabled: false, pageLoadStrategy: normal, platform: WINDOWS, platformName: WINDOWS, proxy: Proxy(), setWindowRect: true, strictFileInteractability: false, timeouts: {implicit: 0, pageLoad: 300000, script: 30000}, unhandledPromptBehavior: dismiss and notify}
Session ID: a4dd5cbd2862cd624e43178c94a8aa33
*** Element info: {Using=xpath, value=//font[contains(text(),&apos;Use our Flight Finder&apos;)]}
	at org.openqa.selenium.remote.http.W3CHttpResponseCodec.createException(W3CHttpResponseCodec.java:187)
	at org.openqa.selenium.remote.http.W3CHttpResponseCodec.decode(W3CHttpResponseCodec.java:122)
	at org.openqa.selenium.remote.http.W3CHttpResponseCodec.decode(W3CHttpResponseCodec.java:49)
	at org.openqa.selenium.remote.HttpCommandExecutor.execute(HttpCommandExecutor.java:158)
	at org.openqa.selenium.remote.service.DriverCommandExecutor.execute(DriverCommandExecutor.java:83)
	at org.openqa.selenium.remote.RemoteWebDriver.execute(RemoteWebDriver.java:552)
	at org.openqa.selenium.remote.RemoteWebDriver.findElement(RemoteWebDriver.java:323)
	at org.openqa.selenium.remote.RemoteWebDriver.findElementByXPath(RemoteWebDriver.java:428)
	at org.openqa.selenium.By$ByXPath.findElement(By.java:353)
	at org.openqa.selenium.remote.RemoteWebDriver.findElement(RemoteWebDriver.java:315)
	at com.demoaut.NewTours2.LoginPage.logConfirm(LoginPage.java:43)
	at com.demoaut.NewTours2.LoginPageTest.loginExcelDriven(LoginPageTest.java:41)
	at java.util.ArrayList.forEach(Unknown Source)
... Removed 31 stack frames</div></td></tr></table><p class="totop"><a href="#summary">back to summary</a></p>
<h2>FlightFinderTest</h2><h3 id="m6">com.demoaut.NewTours2.FlightFinderTest#findFlight</h3><table class="result"><tr><th class="invisible"/></tr></table><p class="totop"><a href="#summary">back to summary</a></p>
</body>
</html>
