<?xml version="1.0" encoding="UTF-8"?>
<testng-results skipped="0" failed="2" ignored="0" total="7" passed="5">
  <reporter-output>
  </reporter-output>
  <suite name="Suite" duration-ms="153085" started-at="2019-12-29T22:16:07 CET" finished-at="2019-12-29T22:18:40 CET">
    <groups>
    </groups>
    <test name="HomePageTest" duration-ms="14556" started-at="2019-12-29T22:16:07 CET" finished-at="2019-12-29T22:16:21 CET">
      <class name="com.demoaut.NewTours2.HomePageValidation">
        <test-method status="PASS" signature="initialize()[pri:0, instance:com.demoaut.NewTours2.HomePageValidation@63475ace]" name="initialize" is-config="true" duration-ms="14241" started-at="2019-12-29T22:16:07 CET" finished-at="2019-12-29T22:16:21 CET">
          <reporter-output>
          </reporter-output>
        </test-method> <!-- initialize -->
        <test-method status="PASS" signature="menuTabValidation()[pri:0, instance:com.demoaut.NewTours2.HomePageValidation@63475ace]" name="menuTabValidation" duration-ms="93" started-at="2019-12-29T22:16:21 CET" finished-at="2019-12-29T22:16:21 CET">
          <reporter-output>
          </reporter-output>
        </test-method> <!-- menuTabValidation -->
        <test-method status="PASS" signature="validateFooter()[pri:0, instance:com.demoaut.NewTours2.HomePageValidation@63475ace]" name="validateFooter" duration-ms="78" started-at="2019-12-29T22:16:21 CET" finished-at="2019-12-29T22:16:21 CET">
          <reporter-output>
          </reporter-output>
        </test-method> <!-- validateFooter -->
        <test-method status="PASS" signature="validatePageTitle()[pri:0, instance:com.demoaut.NewTours2.HomePageValidation@63475ace]" name="validatePageTitle" duration-ms="16" started-at="2019-12-29T22:16:21 CET" finished-at="2019-12-29T22:16:21 CET">
          <reporter-output>
          </reporter-output>
        </test-method> <!-- validatePageTitle -->
        <test-method status="PASS" signature="tearDown()[pri:0, instance:com.demoaut.NewTours2.HomePageValidation@63475ace]" name="tearDown" is-config="true" duration-ms="82" started-at="2019-12-29T22:16:21 CET" finished-at="2019-12-29T22:16:21 CET">
          <reporter-output>
          </reporter-output>
        </test-method> <!-- tearDown -->
      </class> <!-- com.demoaut.NewTours2.HomePageValidation -->
    </test> <!-- HomePageTest -->
    <test name="RegisterUserTest" duration-ms="59929" started-at="2019-12-29T22:16:21 CET" finished-at="2019-12-29T22:17:21 CET">
      <class name="com.demoaut.NewTours2.RegisterPageTest">
        <test-method status="PASS" signature="initialize()[pri:0, instance:com.demoaut.NewTours2.RegisterPageTest@49e5f737]" name="initialize" is-config="true" duration-ms="26257" started-at="2019-12-29T22:16:21 CET" finished-at="2019-12-29T22:16:48 CET">
          <reporter-output>
          </reporter-output>
        </test-method> <!-- initialize -->
        <test-method status="PASS" signature="registerDataProviderDriven(java.lang.String, java.lang.String, java.lang.String, java.lang.String, java.lang.String, java.lang.String, java.lang.String, java.lang.String, java.lang.String, java.lang.String, java.lang.String, java.lang.String)[pri:0, instance:com.demoaut.NewTours2.RegisterPageTest@49e5f737]" name="registerDataProviderDriven" duration-ms="6719" started-at="2019-12-29T22:16:48 CET" data-provider="getData" finished-at="2019-12-29T22:16:54 CET">
          <params>
            <param index="0">
              <value>
                <![CDATA[Joca]]>
              </value>
            </param>
            <param index="1">
              <value>
                <![CDATA[Jocic]]>
              </value>
            </param>
            <param index="2">
              <value>
                <![CDATA[0800200200]]>
              </value>
            </param>
            <param index="3">
              <value>
                <![CDATA[valid@email.com]]>
              </value>
            </param>
            <param index="4">
              <value>
                <![CDATA[My Home address]]>
              </value>
            </param>
            <param index="5">
              <value>
                <![CDATA[My City]]>
              </value>
            </param>
            <param index="6">
              <value>
                <![CDATA[My State]]>
              </value>
            </param>
            <param index="7">
              <value>
                <![CDATA[91080]]>
              </value>
            </param>
            <param index="8">
              <value>
                <![CDATA[ser]]>
              </value>
            </param>
            <param index="9">
              <value>
                <![CDATA[perica24]]>
              </value>
            </param>
            <param index="10">
              <value>
                <![CDATA[admin]]>
              </value>
            </param>
            <param index="11">
              <value>
                <![CDATA[admin]]>
              </value>
            </param>
          </params>
          <reporter-output>
          </reporter-output>
        </test-method> <!-- registerDataProviderDriven -->
        <test-method status="PASS" signature="signOut()[pri:0, instance:com.demoaut.NewTours2.RegisterPageTest@49e5f737]" name="signOut" is-config="true" duration-ms="5110" started-at="2019-12-29T22:16:54 CET" finished-at="2019-12-29T22:16:59 CET">
          <reporter-output>
          </reporter-output>
        </test-method> <!-- signOut -->
        <test-method status="FAIL" signature="registerExcelDriven()[pri:0, instance:com.demoaut.NewTours2.RegisterPageTest@49e5f737]" name="registerExcelDriven" duration-ms="16657" started-at="2019-12-29T22:16:59 CET" finished-at="2019-12-29T22:17:16 CET">
          <exception class="org.openqa.selenium.NoSuchElementException">
            <message>
              <![CDATA[no such element: Unable to locate element: {"method":"xpath","selector":"//font[contains(text(),'Thank you for registering.')]"}
  (Session info: chrome=79.0.3945.88)
For documentation on this error, please visit: https://www.seleniumhq.org/exceptions/no_such_element.html
Build info: version: '3.141.59', revision: 'e82be7d358', time: '2018-11-14T08:17:03'
System info: host: 'DELL-INSPIRON-5', ip: '192.168.1.8', os.name: 'Windows 10', os.arch: 'amd64', os.version: '10.0', java.version: '1.8.0_231'
Driver info: org.openqa.selenium.chrome.ChromeDriver
Capabilities {acceptInsecureCerts: false, browserName: chrome, browserVersion: 79.0.3945.88, chrome: {chromedriverVersion: 79.0.3945.36 (3582db32b3389..., userDataDir: C:\Users\Jankristi\AppData\...}, goog:chromeOptions: {debuggerAddress: localhost:60379}, javascriptEnabled: true, networkConnectionEnabled: false, pageLoadStrategy: normal, platform: WINDOWS, platformName: WINDOWS, proxy: Proxy(), setWindowRect: true, strictFileInteractability: false, timeouts: {implicit: 0, pageLoad: 300000, script: 30000}, unhandledPromptBehavior: dismiss and notify}
Session ID: 839c14660033b0081cdfdb1374fd5133
*** Element info: {Using=xpath, value=//font[contains(text(),'Thank you for registering.')]}]]>
            </message>
            <full-stacktrace>
              <![CDATA[org.openqa.selenium.NoSuchElementException: no such element: Unable to locate element: {"method":"xpath","selector":"//font[contains(text(),'Thank you for registering.')]"}
  (Session info: chrome=79.0.3945.88)
For documentation on this error, please visit: https://www.seleniumhq.org/exceptions/no_such_element.html
Build info: version: '3.141.59', revision: 'e82be7d358', time: '2018-11-14T08:17:03'
System info: host: 'DELL-INSPIRON-5', ip: '192.168.1.8', os.name: 'Windows 10', os.arch: 'amd64', os.version: '10.0', java.version: '1.8.0_231'
Driver info: org.openqa.selenium.chrome.ChromeDriver
Capabilities {acceptInsecureCerts: false, browserName: chrome, browserVersion: 79.0.3945.88, chrome: {chromedriverVersion: 79.0.3945.36 (3582db32b3389..., userDataDir: C:\Users\Jankristi\AppData\...}, goog:chromeOptions: {debuggerAddress: localhost:60379}, javascriptEnabled: true, networkConnectionEnabled: false, pageLoadStrategy: normal, platform: WINDOWS, platformName: WINDOWS, proxy: Proxy(), setWindowRect: true, strictFileInteractability: false, timeouts: {implicit: 0, pageLoad: 300000, script: 30000}, unhandledPromptBehavior: dismiss and notify}
Session ID: 839c14660033b0081cdfdb1374fd5133
*** Element info: {Using=xpath, value=//font[contains(text(),'Thank you for registering.')]}
at sun.reflect.NativeConstructorAccessorImpl.newInstance0(Native Method)
at sun.reflect.NativeConstructorAccessorImpl.newInstance(Unknown Source)
at sun.reflect.DelegatingConstructorAccessorImpl.newInstance(Unknown Source)
at java.lang.reflect.Constructor.newInstance(Unknown Source)
at org.openqa.selenium.remote.http.W3CHttpResponseCodec.createException(W3CHttpResponseCodec.java:187)
at org.openqa.selenium.remote.http.W3CHttpResponseCodec.decode(W3CHttpResponseCodec.java:122)
at org.openqa.selenium.remote.http.W3CHttpResponseCodec.decode(W3CHttpResponseCodec.java:49)
at org.openqa.selenium.remote.HttpCommandExecutor.execute(HttpCommandExecutor.java:158)
at org.openqa.selenium.remote.service.DriverCommandExecutor.execute(DriverCommandExecutor.java:83)
at org.openqa.selenium.remote.RemoteWebDriver.execute(RemoteWebDriver.java:552)
at org.openqa.selenium.remote.RemoteWebDriver.findElement(RemoteWebDriver.java:323)
at org.openqa.selenium.remote.RemoteWebDriver.findElementByXPath(RemoteWebDriver.java:428)
at org.openqa.selenium.By$ByXPath.findElement(By.java:353)
at org.openqa.selenium.remote.RemoteWebDriver.findElement(RemoteWebDriver.java:315)
at com.demoaut.NewTours2.RegisterPage.getRegConfirmation(RegisterPage.java:103)
at com.demoaut.NewTours2.RegisterPageTest.registerExcelDriven(RegisterPageTest.java:103)
at sun.reflect.NativeMethodAccessorImpl.invoke0(Native Method)
at sun.reflect.NativeMethodAccessorImpl.invoke(Unknown Source)
at sun.reflect.DelegatingMethodAccessorImpl.invoke(Unknown Source)
at java.lang.reflect.Method.invoke(Unknown Source)
at org.testng.internal.MethodInvocationHelper.invokeMethod(MethodInvocationHelper.java:133)
at org.testng.internal.TestInvoker.invokeMethod(TestInvoker.java:584)
at org.testng.internal.TestInvoker.invokeTestMethod(TestInvoker.java:172)
at org.testng.internal.MethodRunner.runInSequence(MethodRunner.java:46)
at org.testng.internal.TestInvoker$MethodInvocationAgent.invoke(TestInvoker.java:804)
at org.testng.internal.TestInvoker.invokeTestMethods(TestInvoker.java:145)
at org.testng.internal.TestMethodWorker.invokeTestMethods(TestMethodWorker.java:146)
at org.testng.internal.TestMethodWorker.run(TestMethodWorker.java:128)
at java.util.ArrayList.forEach(Unknown Source)
at org.testng.TestRunner.privateRun(TestRunner.java:770)
at org.testng.TestRunner.run(TestRunner.java:591)
at org.testng.SuiteRunner.runTest(SuiteRunner.java:402)
at org.testng.SuiteRunner.runSequentially(SuiteRunner.java:396)
at org.testng.SuiteRunner.privateRun(SuiteRunner.java:355)
at org.testng.SuiteRunner.run(SuiteRunner.java:304)
at org.testng.SuiteRunnerWorker.runSuite(SuiteRunnerWorker.java:53)
at org.testng.SuiteRunnerWorker.run(SuiteRunnerWorker.java:96)
at org.testng.TestNG.runSuitesSequentially(TestNG.java:1180)
at org.testng.TestNG.runSuitesLocally(TestNG.java:1102)
at org.testng.TestNG.runSuites(TestNG.java:1032)
at org.testng.TestNG.run(TestNG.java:1000)
at org.testng.remote.AbstractRemoteTestNG.run(AbstractRemoteTestNG.java:115)
at org.testng.remote.RemoteTestNG.initAndRun(RemoteTestNG.java:251)
at org.testng.remote.RemoteTestNG.main(RemoteTestNG.java:77)
]]>
            </full-stacktrace>
          </exception> <!-- org.openqa.selenium.NoSuchElementException -->
          <reporter-output>
          </reporter-output>
        </test-method> <!-- registerExcelDriven -->
        <test-method status="PASS" signature="signOut()[pri:0, instance:com.demoaut.NewTours2.RegisterPageTest@49e5f737]" name="signOut" is-config="true" duration-ms="5094" started-at="2019-12-29T22:17:16 CET" finished-at="2019-12-29T22:17:21 CET">
          <reporter-output>
          </reporter-output>
        </test-method> <!-- signOut -->
        <test-method status="PASS" signature="tearDown()[pri:0, instance:com.demoaut.NewTours2.RegisterPageTest@49e5f737]" name="tearDown" is-config="true" duration-ms="52" started-at="2019-12-29T22:17:21 CET" finished-at="2019-12-29T22:17:21 CET">
          <reporter-output>
          </reporter-output>
        </test-method> <!-- tearDown -->
      </class> <!-- com.demoaut.NewTours2.RegisterPageTest -->
    </test> <!-- RegisterUserTest -->
    <test name="LoginPageTest" duration-ms="46082" started-at="2019-12-29T22:17:21 CET" finished-at="2019-12-29T22:18:07 CET">
      <class name="com.demoaut.NewTours2.LoginPageTest">
        <test-method status="PASS" signature="initialize()[pri:0, instance:com.demoaut.NewTours2.LoginPageTest@3af9c5b7]" name="initialize" is-config="true" duration-ms="25528" started-at="2019-12-29T22:17:21 CET" finished-at="2019-12-29T22:17:47 CET">
          <reporter-output>
          </reporter-output>
        </test-method> <!-- initialize -->
        <test-method status="FAIL" signature="loginExcelDriven()[pri:0, instance:com.demoaut.NewTours2.LoginPageTest@3af9c5b7]" name="loginExcelDriven" duration-ms="15403" started-at="2019-12-29T22:17:47 CET" finished-at="2019-12-29T22:18:02 CET">
          <exception class="org.openqa.selenium.NoSuchElementException">
            <message>
              <![CDATA[no such element: Unable to locate element: {"method":"xpath","selector":"//font[contains(text(),'Use our Flight Finder')]"}
  (Session info: chrome=79.0.3945.88)
For documentation on this error, please visit: https://www.seleniumhq.org/exceptions/no_such_element.html
Build info: version: '3.141.59', revision: 'e82be7d358', time: '2018-11-14T08:17:03'
System info: host: 'DELL-INSPIRON-5', ip: '192.168.1.8', os.name: 'Windows 10', os.arch: 'amd64', os.version: '10.0', java.version: '1.8.0_231'
Driver info: org.openqa.selenium.chrome.ChromeDriver
Capabilities {acceptInsecureCerts: false, browserName: chrome, browserVersion: 79.0.3945.88, chrome: {chromedriverVersion: 79.0.3945.36 (3582db32b3389..., userDataDir: C:\Users\Jankristi\AppData\...}, goog:chromeOptions: {debuggerAddress: localhost:61015}, javascriptEnabled: true, networkConnectionEnabled: false, pageLoadStrategy: normal, platform: WINDOWS, platformName: WINDOWS, proxy: Proxy(), setWindowRect: true, strictFileInteractability: false, timeouts: {implicit: 0, pageLoad: 300000, script: 30000}, unhandledPromptBehavior: dismiss and notify}
Session ID: a4dd5cbd2862cd624e43178c94a8aa33
*** Element info: {Using=xpath, value=//font[contains(text(),'Use our Flight Finder')]}]]>
            </message>
            <full-stacktrace>
              <![CDATA[org.openqa.selenium.NoSuchElementException: no such element: Unable to locate element: {"method":"xpath","selector":"//font[contains(text(),'Use our Flight Finder')]"}
  (Session info: chrome=79.0.3945.88)
For documentation on this error, please visit: https://www.seleniumhq.org/exceptions/no_such_element.html
Build info: version: '3.141.59', revision: 'e82be7d358', time: '2018-11-14T08:17:03'
System info: host: 'DELL-INSPIRON-5', ip: '192.168.1.8', os.name: 'Windows 10', os.arch: 'amd64', os.version: '10.0', java.version: '1.8.0_231'
Driver info: org.openqa.selenium.chrome.ChromeDriver
Capabilities {acceptInsecureCerts: false, browserName: chrome, browserVersion: 79.0.3945.88, chrome: {chromedriverVersion: 79.0.3945.36 (3582db32b3389..., userDataDir: C:\Users\Jankristi\AppData\...}, goog:chromeOptions: {debuggerAddress: localhost:61015}, javascriptEnabled: true, networkConnectionEnabled: false, pageLoadStrategy: normal, platform: WINDOWS, platformName: WINDOWS, proxy: Proxy(), setWindowRect: true, strictFileInteractability: false, timeouts: {implicit: 0, pageLoad: 300000, script: 30000}, unhandledPromptBehavior: dismiss and notify}
Session ID: a4dd5cbd2862cd624e43178c94a8aa33
*** Element info: {Using=xpath, value=//font[contains(text(),'Use our Flight Finder')]}
at sun.reflect.NativeConstructorAccessorImpl.newInstance0(Native Method)
at sun.reflect.NativeConstructorAccessorImpl.newInstance(Unknown Source)
at sun.reflect.DelegatingConstructorAccessorImpl.newInstance(Unknown Source)
at java.lang.reflect.Constructor.newInstance(Unknown Source)
at org.openqa.selenium.remote.http.W3CHttpResponseCodec.createException(W3CHttpResponseCodec.java:187)
at org.openqa.selenium.remote.http.W3CHttpResponseCodec.decode(W3CHttpResponseCodec.java:122)
at org.openqa.selenium.remote.http.W3CHttpResponseCodec.decode(W3CHttpResponseCodec.java:49)
at org.openqa.selenium.remote.HttpCommandExecutor.execute(HttpCommandExecutor.java:158)
at org.openqa.selenium.remote.service.DriverCommandExecutor.execute(DriverCommandExecutor.java:83)
at org.openqa.selenium.remote.RemoteWebDriver.execute(RemoteWebDriver.java:552)
at org.openqa.selenium.remote.RemoteWebDriver.findElement(RemoteWebDriver.java:323)
at org.openqa.selenium.remote.RemoteWebDriver.findElementByXPath(RemoteWebDriver.java:428)
at org.openqa.selenium.By$ByXPath.findElement(By.java:353)
at org.openqa.selenium.remote.RemoteWebDriver.findElement(RemoteWebDriver.java:315)
at com.demoaut.NewTours2.LoginPage.logConfirm(LoginPage.java:43)
at com.demoaut.NewTours2.LoginPageTest.loginExcelDriven(LoginPageTest.java:41)
at sun.reflect.NativeMethodAccessorImpl.invoke0(Native Method)
at sun.reflect.NativeMethodAccessorImpl.invoke(Unknown Source)
at sun.reflect.DelegatingMethodAccessorImpl.invoke(Unknown Source)
at java.lang.reflect.Method.invoke(Unknown Source)
at org.testng.internal.MethodInvocationHelper.invokeMethod(MethodInvocationHelper.java:133)
at org.testng.internal.TestInvoker.invokeMethod(TestInvoker.java:584)
at org.testng.internal.TestInvoker.invokeTestMethod(TestInvoker.java:172)
at org.testng.internal.MethodRunner.runInSequence(MethodRunner.java:46)
at org.testng.internal.TestInvoker$MethodInvocationAgent.invoke(TestInvoker.java:804)
at org.testng.internal.TestInvoker.invokeTestMethods(TestInvoker.java:145)
at org.testng.internal.TestMethodWorker.invokeTestMethods(TestMethodWorker.java:146)
at org.testng.internal.TestMethodWorker.run(TestMethodWorker.java:128)
at java.util.ArrayList.forEach(Unknown Source)
at org.testng.TestRunner.privateRun(TestRunner.java:770)
at org.testng.TestRunner.run(TestRunner.java:591)
at org.testng.SuiteRunner.runTest(SuiteRunner.java:402)
at org.testng.SuiteRunner.runSequentially(SuiteRunner.java:396)
at org.testng.SuiteRunner.privateRun(SuiteRunner.java:355)
at org.testng.SuiteRunner.run(SuiteRunner.java:304)
at org.testng.SuiteRunnerWorker.runSuite(SuiteRunnerWorker.java:53)
at org.testng.SuiteRunnerWorker.run(SuiteRunnerWorker.java:96)
at org.testng.TestNG.runSuitesSequentially(TestNG.java:1180)
at org.testng.TestNG.runSuitesLocally(TestNG.java:1102)
at org.testng.TestNG.runSuites(TestNG.java:1032)
at org.testng.TestNG.run(TestNG.java:1000)
at org.testng.remote.AbstractRemoteTestNG.run(AbstractRemoteTestNG.java:115)
at org.testng.remote.RemoteTestNG.initAndRun(RemoteTestNG.java:251)
at org.testng.remote.RemoteTestNG.main(RemoteTestNG.java:77)
]]>
            </full-stacktrace>
          </exception> <!-- org.openqa.selenium.NoSuchElementException -->
          <reporter-output>
          </reporter-output>
        </test-method> <!-- loginExcelDriven -->
        <test-method status="PASS" signature="signOut()[pri:0, instance:com.demoaut.NewTours2.LoginPageTest@3af9c5b7]" name="signOut" is-config="true" duration-ms="5091" started-at="2019-12-29T22:18:02 CET" finished-at="2019-12-29T22:18:07 CET">
          <reporter-output>
          </reporter-output>
        </test-method> <!-- signOut -->
        <test-method status="PASS" signature="tearDown()[pri:0, instance:com.demoaut.NewTours2.LoginPageTest@3af9c5b7]" name="tearDown" is-config="true" duration-ms="56" started-at="2019-12-29T22:18:07 CET" finished-at="2019-12-29T22:18:07 CET">
          <reporter-output>
          </reporter-output>
        </test-method> <!-- tearDown -->
      </class> <!-- com.demoaut.NewTours2.LoginPageTest -->
    </test> <!-- LoginPageTest -->
    <test name="FlightFinderTest" duration-ms="32227" started-at="2019-12-29T22:18:08 CET" finished-at="2019-12-29T22:18:40 CET">
      <class name="com.demoaut.NewTours2.FlightFinderTest">
        <test-method status="PASS" signature="initialize()[pri:0, instance:com.demoaut.NewTours2.FlightFinderTest@77f80c04]" name="initialize" is-config="true" duration-ms="20835" started-at="2019-12-29T22:18:08 CET" finished-at="2019-12-29T22:18:28 CET">
          <reporter-output>
          </reporter-output>
        </test-method> <!-- initialize -->
        <test-method status="PASS" signature="findFlight()[pri:0, instance:com.demoaut.NewTours2.FlightFinderTest@77f80c04]" name="findFlight" duration-ms="11324" started-at="2019-12-29T22:18:28 CET" finished-at="2019-12-29T22:18:40 CET">
          <reporter-output>
          </reporter-output>
        </test-method> <!-- findFlight -->
        <test-method status="PASS" signature="tearDown()[pri:0, instance:com.demoaut.NewTours2.FlightFinderTest@77f80c04]" name="tearDown" is-config="true" duration-ms="64" started-at="2019-12-29T22:18:40 CET" finished-at="2019-12-29T22:18:40 CET">
          <reporter-output>
          </reporter-output>
        </test-method> <!-- tearDown -->
      </class> <!-- com.demoaut.NewTours2.FlightFinderTest -->
    </test> <!-- FlightFinderTest -->
  </suite> <!-- Suite -->
</testng-results>
